%(asctime)s - %(levelname)s - %(message)s
2020-02-06 10:28:02,016 - INFO - NumExpr defaulting to 8 threads.
2020-02-06 10:29:38,811 - DEBUG - pickle loaded: C:\Users\zcc\Anaconda3\lib\site-packages\pandas\core\frame.py
2020-02-06 10:29:38,879 - DEBUG - pickle loaded: C:\Users\zcc\Anaconda3\lib\site-packages\jedi\third_party\typeshed\stdlib\2and3\builtins.pyi
2020-02-06 10:29:38,976 - DEBUG - pickle loaded: C:\Users\zcc\Anaconda3\lib\site-packages\pandas\core\generic.py
2020-02-06 10:29:39,029 - DEBUG - pickle loaded: C:\Users\zcc\Anaconda3\lib\site-packages\pandas\core\series.py
2020-02-06 10:29:51,061 - DEBUG - diff parser start
2020-02-06 10:29:51,062 - DEBUG - line_lengths old: 2; new: 3
2020-02-06 10:29:51,062 - DEBUG - -> code[equal] old[1:1] new[1:1]
2020-02-06 10:29:51,066 - DEBUG - parse_part from 1 to 3 (to 2 in part parser)
2020-02-06 10:29:51,066 - DEBUG - -> code[replace] old[2:2] new[2:3]
2020-02-06 10:29:51,066 - DEBUG - diff parser end
2020-02-06 10:30:11,756 - DEBUG - diff parser start
2020-02-06 10:30:11,756 - DEBUG - line_lengths old: 3; new: 8
2020-02-06 10:30:11,757 - DEBUG - -> code[equal] old[1:2] new[1:2]
2020-02-06 10:30:11,763 - DEBUG - parse_part from 1 to 8 (to 7 in part parser)
2020-02-06 10:30:11,763 - DEBUG - -> code[replace] old[3:3] new[3:8]
2020-02-06 10:30:11,763 - DEBUG - diff parser end
2020-02-06 10:30:17,533 - DEBUG - diff parser start
2020-02-06 10:30:17,533 - DEBUG - line_lengths old: 8; new: 8
2020-02-06 10:30:17,534 - DEBUG - -> code[equal] old[1:7] new[1:7]
2020-02-06 10:30:17,535 - DEBUG - parse_part from 1 to 8 (to 7 in part parser)
2020-02-06 10:30:17,535 - DEBUG - -> code[replace] old[8:8] new[8:8]
2020-02-06 10:30:17,535 - DEBUG - diff parser end
2020-02-06 10:37:01,153 - DEBUG - diff parser start
2020-02-06 10:37:01,153 - DEBUG - line_lengths old: 8; new: 17
2020-02-06 10:37:01,153 - DEBUG - -> code[equal] old[1:7] new[1:7]
2020-02-06 10:37:01,154 - DEBUG - parse_part from 1 to 9 (to 9 in part parser)
2020-02-06 10:37:01,155 - DEBUG - -> code[replace] old[8:8] new[8:17]
2020-02-06 10:37:01,155 - DEBUG - parse_part from 10 to 17 (to 16 in part parser)
2020-02-06 10:37:01,155 - DEBUG - diff parser end
2020-02-06 10:37:01,164 - DEBUG - pickle loaded: C:\Users\zcc\Anaconda3\lib\site-packages\plotly\graph_objects.py
2020-02-06 10:37:03,860 - DEBUG - diff parser start
2020-02-06 10:37:03,860 - DEBUG - line_lengths old: 17; new: 17
2020-02-06 10:37:03,860 - DEBUG - -> code[equal] old[1:16] new[1:16]
2020-02-06 10:37:03,861 - DEBUG - copy old[1:9] new[1:9]
2020-02-06 10:37:03,863 - DEBUG - parse_part from 10 to 17 (to 16 in part parser)
2020-02-06 10:37:03,863 - DEBUG - -> code[replace] old[17:17] new[17:17]
2020-02-06 10:37:03,863 - DEBUG - diff parser end
2020-02-06 10:37:05,409 - DEBUG - diff parser start
2020-02-06 10:37:05,410 - DEBUG - line_lengths old: 17; new: 17
2020-02-06 10:37:05,410 - DEBUG - -> code[equal] old[1:16] new[1:16]
2020-02-06 10:37:05,411 - DEBUG - copy old[1:9] new[1:9]
2020-02-06 10:37:05,413 - DEBUG - parse_part from 10 to 17 (to 16 in part parser)
2020-02-06 10:37:05,413 - DEBUG - -> code[replace] old[17:17] new[17:17]
2020-02-06 10:37:05,413 - DEBUG - diff parser end
2020-02-06 10:37:59,396 - DEBUG - diff parser start
2020-02-06 10:37:59,396 - DEBUG - line_lengths old: 17; new: 1
2020-02-06 10:37:59,396 - DEBUG - -> code[replace] old[1:17] new[1:1]
2020-02-06 10:37:59,397 - DEBUG - parse_part from 1 to 1 (to 0 in part parser)
2020-02-06 10:37:59,397 - DEBUG - diff parser end
2020-02-06 10:37:59,439 - DEBUG - pickle loaded: C:\Users\zcc\Anaconda3\lib\site-packages\pandas\core\ops\__init__.py
2020-02-06 10:41:21,540 - DEBUG - diff parser start
2020-02-06 10:41:21,541 - DEBUG - line_lengths old: 1; new: 7
2020-02-06 10:41:21,542 - DEBUG - -> code[replace] old[1:1] new[1:7]
2020-02-06 10:41:21,545 - DEBUG - parse_part from 1 to 7 (to 6 in part parser)
2020-02-06 10:41:21,546 - DEBUG - diff parser end
2020-02-06 10:41:21,612 - DEBUG - pickle loaded: C:\Users\zcc\Anaconda3\lib\site-packages\jedi\third_party\typeshed\stdlib\3\sys.pyi
2020-02-06 10:41:28,881 - DEBUG - diff parser start
2020-02-06 10:41:28,882 - DEBUG - line_lengths old: 7; new: 7
2020-02-06 10:41:28,883 - DEBUG - -> code[equal] old[1:6] new[1:6]
2020-02-06 10:41:28,887 - DEBUG - parse_part from 1 to 7 (to 6 in part parser)
2020-02-06 10:41:28,887 - DEBUG - -> code[replace] old[7:7] new[7:7]
2020-02-06 10:41:28,887 - DEBUG - diff parser end
2020-02-06 10:41:33,081 - DEBUG - diff parser start
2020-02-06 10:41:33,082 - DEBUG - line_lengths old: 7; new: 7
2020-02-06 10:41:33,083 - DEBUG - -> code[equal] old[1:6] new[1:6]
2020-02-06 10:41:33,090 - DEBUG - parse_part from 1 to 7 (to 6 in part parser)
2020-02-06 10:41:33,091 - DEBUG - -> code[replace] old[7:7] new[7:7]
2020-02-06 10:41:33,091 - DEBUG - diff parser end
2020-02-06 10:42:04,993 - DEBUG - diff parser start
2020-02-06 10:42:04,993 - DEBUG - line_lengths old: 7; new: 8
2020-02-06 10:42:04,993 - DEBUG - -> code[equal] old[1:6] new[1:6]
2020-02-06 10:42:04,995 - DEBUG - parse_part from 1 to 8 (to 7 in part parser)
2020-02-06 10:42:04,995 - DEBUG - -> code[replace] old[7:7] new[7:8]
2020-02-06 10:42:04,995 - DEBUG - diff parser end
2020-02-06 10:42:06,113 - DEBUG - diff parser start
2020-02-06 10:42:06,114 - DEBUG - line_lengths old: 8; new: 8
2020-02-06 10:42:06,114 - DEBUG - -> code[equal] old[1:7] new[1:7]
2020-02-06 10:42:06,119 - DEBUG - parse_part from 1 to 8 (to 7 in part parser)
2020-02-06 10:42:06,119 - DEBUG - -> code[replace] old[8:8] new[8:8]
2020-02-06 10:42:06,120 - DEBUG - diff parser end
2020-02-06 10:42:18,413 - DEBUG - diff parser start
2020-02-06 10:42:18,414 - DEBUG - line_lengths old: 8; new: 9
2020-02-06 10:42:18,414 - DEBUG - -> code[equal] old[1:7] new[1:7]
2020-02-06 10:42:18,420 - DEBUG - parse_part from 1 to 9 (to 8 in part parser)
2020-02-06 10:42:18,420 - DEBUG - -> code[replace] old[8:8] new[8:9]
2020-02-06 10:42:18,421 - DEBUG - diff parser end
2020-02-06 10:42:19,092 - DEBUG - pickle loaded: C:\Users\zcc\Anaconda3\lib\site-packages\plotly\graph_objs\__init__.py
2020-02-06 10:42:22,373 - DEBUG - diff parser start
2020-02-06 10:42:22,374 - DEBUG - line_lengths old: 9; new: 9
2020-02-06 10:42:22,374 - DEBUG - -> code[equal] old[1:8] new[1:8]
2020-02-06 10:42:22,375 - DEBUG - parse_part from 1 to 9 (to 8 in part parser)
2020-02-06 10:42:22,375 - DEBUG - -> code[replace] old[9:9] new[9:9]
2020-02-06 10:42:22,375 - DEBUG - diff parser end
2020-02-06 10:42:35,027 - DEBUG - diff parser start
2020-02-06 10:42:35,027 - DEBUG - line_lengths old: 9; new: 15
2020-02-06 10:42:35,028 - DEBUG - -> code[equal] old[1:8] new[1:8]
2020-02-06 10:42:35,030 - DEBUG - parse_part from 1 to 10 (to 10 in part parser)
2020-02-06 10:42:35,031 - DEBUG - -> code[replace] old[9:9] new[9:15]
2020-02-06 10:42:35,032 - DEBUG - parse_part from 11 to 15 (to 14 in part parser)
2020-02-06 10:42:35,032 - DEBUG - diff parser end
2020-02-06 10:42:36,716 - DEBUG - diff parser start
2020-02-06 10:42:36,717 - DEBUG - line_lengths old: 15; new: 15
2020-02-06 10:42:36,717 - DEBUG - -> code[equal] old[1:14] new[1:14]
2020-02-06 10:42:36,717 - DEBUG - copy old[1:10] new[1:10]
2020-02-06 10:42:36,718 - DEBUG - parse_part from 11 to 15 (to 14 in part parser)
2020-02-06 10:42:36,718 - DEBUG - -> code[replace] old[15:15] new[15:15]
2020-02-06 10:42:36,719 - DEBUG - diff parser end
2020-02-06 10:48:14,997 - DEBUG - diff parser start
2020-02-06 10:48:14,997 - DEBUG - line_lengths old: 15; new: 24
2020-02-06 10:48:14,998 - DEBUG - -> code[equal] old[1:14] new[1:14]
2020-02-06 10:48:14,998 - DEBUG - copy old[1:10] new[1:10]
2020-02-06 10:48:15,000 - DEBUG - parse_part from 11 to 24 (to 23 in part parser)
2020-02-06 10:48:15,000 - DEBUG - -> code[replace] old[15:15] new[15:24]
2020-02-06 10:48:15,000 - DEBUG - diff parser end
2020-02-06 10:58:48,993 - DEBUG - diff parser start
2020-02-06 10:58:48,994 - DEBUG - line_lengths old: 24; new: 11
2020-02-06 10:58:48,994 - DEBUG - -> code[equal] old[1:7] new[1:7]
2020-02-06 10:58:48,999 - DEBUG - parse_part from 1 to 11 (to 10 in part parser)
2020-02-06 10:58:48,999 - DEBUG - -> code[insert] old[8:7] new[8:9]
2020-02-06 10:58:48,999 - DEBUG - -> code[equal] old[8:8] new[10:10]
2020-02-06 10:58:48,999 - DEBUG - -> code[replace] old[9:24] new[11:11]
2020-02-06 10:58:48,999 - DEBUG - diff parser end
