%(asctime)s - %(levelname)s - %(message)s
2020-02-04 09:24:39,685 - DEBUG - This is a debug log.
2020-02-04 09:24:39,686 - INFO - This is a info log.
2020-02-04 09:24:39,686 - WARNING - This is a warning log.
2020-02-04 09:24:39,686 - ERROR - This is a error log.
2020-02-04 09:24:39,686 - CRITICAL - This is a critical log.
2020-02-04 09:24:40,407 - DEBUG - Starting new HTTPS connection (1): ncov.dxy.cn:443
2020-02-04 09:24:40,708 - DEBUG - https://ncov.dxy.cn:443 "GET /ncovh5/view/pneumonia HTTP/1.1" 200 None
2020-02-04 09:26:12,481 - DEBUG - pickle loaded: C:\Users\zcc\Anaconda3\lib\site-packages\jedi\third_party\typeshed\stdlib\2and3\builtins.pyi
2020-02-04 09:26:15,910 - DEBUG - diff parser start
2020-02-04 09:26:15,911 - DEBUG - line_lengths old: 1; new: 1
2020-02-04 09:26:15,912 - DEBUG - -> code[replace] old[1:1] new[1:1]
2020-02-04 09:26:15,914 - DEBUG - parse_part from 1 to 1 (to 0 in part parser)
2020-02-04 09:26:15,915 - DEBUG - diff parser end
2020-02-04 09:26:15,997 - DEBUG - pickle loaded: C:\Users\zcc\Anaconda3\lib\site-packages\bs4\__init__.py
2020-02-04 09:26:31,224 - DEBUG - Starting new HTTPS connection (1): ncov.dxy.cn:443
2020-02-04 09:26:31,435 - DEBUG - https://ncov.dxy.cn:443 "GET /ncovh5/view/pneumonia HTTP/1.1" 200 None
2020-02-04 09:27:02,984 - DEBUG - diff parser start
2020-02-04 09:27:02,984 - DEBUG - line_lengths old: 1; new: 1
2020-02-04 09:27:02,985 - DEBUG - -> code[replace] old[1:1] new[1:1]
2020-02-04 09:27:02,985 - DEBUG - parse_part from 1 to 1 (to 0 in part parser)
2020-02-04 09:27:02,985 - DEBUG - diff parser end
2020-02-04 09:27:08,581 - DEBUG - diff parser start
2020-02-04 09:27:08,582 - DEBUG - line_lengths old: 1; new: 1
2020-02-04 09:27:08,583 - DEBUG - -> code[replace] old[1:1] new[1:1]
2020-02-04 09:27:08,585 - DEBUG - parse_part from 1 to 1 (to 0 in part parser)
2020-02-04 09:27:08,586 - DEBUG - diff parser end
2020-02-04 09:28:36,442 - DEBUG - diff parser start
2020-02-04 09:28:36,443 - DEBUG - line_lengths old: 1; new: 1
2020-02-04 09:28:36,443 - DEBUG - -> code[replace] old[1:1] new[1:1]
2020-02-04 09:28:36,445 - DEBUG - parse_part from 1 to 1 (to 0 in part parser)
2020-02-04 09:28:36,445 - DEBUG - diff parser end
2020-02-04 09:35:03,154 - DEBUG - diff parser start
2020-02-04 09:35:03,156 - DEBUG - line_lengths old: 1; new: 1
2020-02-04 09:35:03,156 - DEBUG - -> code[replace] old[1:1] new[1:1]
2020-02-04 09:35:03,159 - DEBUG - parse_part from 1 to 1 (to 0 in part parser)
2020-02-04 09:35:03,160 - DEBUG - diff parser end
2020-02-04 09:35:35,299 - DEBUG - diff parser start
2020-02-04 09:35:35,300 - DEBUG - line_lengths old: 1; new: 1
2020-02-04 09:35:35,301 - DEBUG - -> code[replace] old[1:1] new[1:1]
2020-02-04 09:35:35,303 - DEBUG - parse_part from 1 to 1 (to 0 in part parser)
2020-02-04 09:35:35,304 - DEBUG - diff parser end
2020-02-04 09:35:35,511 - DEBUG - pickle loaded: C:\Users\zcc\Anaconda3\lib\site-packages\jedi\third_party\typeshed\stdlib\3\sys.pyi
2020-02-04 09:46:24,855 - DEBUG - diff parser start
2020-02-04 09:46:24,856 - DEBUG - line_lengths old: 1; new: 1
2020-02-04 09:46:24,857 - DEBUG - -> code[replace] old[1:1] new[1:1]
2020-02-04 09:46:24,858 - DEBUG - parse_part from 1 to 1 (to 0 in part parser)
2020-02-04 09:46:24,859 - DEBUG - diff parser end
2020-02-04 09:46:24,927 - DEBUG - pickle loaded: C:\Users\zcc\Anaconda3\lib\site-packages\pandas\__init__.py
2020-02-04 09:46:25,436 - DEBUG - pickle loaded: C:\Users\zcc\Anaconda3\lib\site-packages\pandas\io\pytables.py
2020-02-04 09:46:25,630 - DEBUG - pickle loaded: C:\Users\zcc\Anaconda3\lib\site-packages\pandas\io\html.py
2020-02-04 09:46:32,650 - DEBUG - diff parser start
2020-02-04 09:46:32,651 - DEBUG - line_lengths old: 1; new: 1
2020-02-04 09:46:32,651 - DEBUG - -> code[replace] old[1:1] new[1:1]
2020-02-04 09:46:32,653 - DEBUG - parse_part from 1 to 1 (to 0 in part parser)
2020-02-04 09:46:32,654 - DEBUG - diff parser end
2020-02-04 09:47:34,102 - DEBUG - diff parser start
2020-02-04 09:47:34,103 - DEBUG - line_lengths old: 1; new: 1
2020-02-04 09:47:34,105 - DEBUG - -> code[replace] old[1:1] new[1:1]
2020-02-04 09:47:34,106 - DEBUG - parse_part from 1 to 1 (to 0 in part parser)
2020-02-04 09:47:34,107 - DEBUG - diff parser end
2020-02-04 09:48:40,217 - DEBUG - diff parser start
2020-02-04 09:48:40,219 - DEBUG - line_lengths old: 1; new: 1
2020-02-04 09:48:40,220 - DEBUG - -> code[replace] old[1:1] new[1:1]
2020-02-04 09:48:40,222 - DEBUG - parse_part from 1 to 1 (to 0 in part parser)
2020-02-04 09:48:40,222 - DEBUG - diff parser end
2020-02-04 09:50:08,521 - DEBUG - diff parser start
2020-02-04 09:50:08,522 - DEBUG - line_lengths old: 1; new: 1
2020-02-04 09:50:08,523 - DEBUG - -> code[replace] old[1:1] new[1:1]
2020-02-04 09:50:08,526 - DEBUG - parse_part from 1 to 1 (to 0 in part parser)
2020-02-04 09:50:08,527 - DEBUG - diff parser end
2020-02-04 10:02:35,657 - DEBUG - diff parser start
2020-02-04 10:02:35,658 - DEBUG - line_lengths old: 1; new: 1
2020-02-04 10:02:35,658 - DEBUG - -> code[replace] old[1:1] new[1:1]
2020-02-04 10:02:35,659 - DEBUG - parse_part from 1 to 1 (to 0 in part parser)
2020-02-04 10:02:35,660 - DEBUG - diff parser end
2020-02-04 10:02:35,861 - DEBUG - pickle loaded: C:\Users\zcc\Anaconda3\lib\typing.py
2020-02-04 10:02:35,956 - DEBUG - pickle loaded: C:\Users\zcc\Anaconda3\lib\site-packages\jedi\third_party\typeshed\stdlib\3\typing.pyi
2020-02-04 10:02:41,822 - DEBUG - diff parser start
2020-02-04 10:02:41,822 - DEBUG - line_lengths old: 1; new: 1
2020-02-04 10:02:41,822 - DEBUG - -> code[replace] old[1:1] new[1:1]
2020-02-04 10:02:41,825 - DEBUG - parse_part from 1 to 1 (to 0 in part parser)
2020-02-04 10:02:41,826 - DEBUG - diff parser end
2020-02-04 10:02:43,563 - DEBUG - diff parser start
2020-02-04 10:02:43,564 - DEBUG - line_lengths old: 1; new: 1
2020-02-04 10:02:43,566 - DEBUG - -> code[replace] old[1:1] new[1:1]
2020-02-04 10:02:43,567 - DEBUG - parse_part from 1 to 1 (to 0 in part parser)
2020-02-04 10:02:43,567 - DEBUG - diff parser end
2020-02-04 10:06:51,265 - DEBUG - diff parser start
2020-02-04 10:06:51,265 - DEBUG - line_lengths old: 1; new: 1
2020-02-04 10:06:51,266 - DEBUG - -> code[replace] old[1:1] new[1:1]
2020-02-04 10:06:51,268 - DEBUG - parse_part from 1 to 1 (to 0 in part parser)
2020-02-04 10:06:51,268 - DEBUG - diff parser end
2020-02-04 10:06:53,216 - DEBUG - diff parser start
2020-02-04 10:06:53,217 - DEBUG - line_lengths old: 1; new: 1
2020-02-04 10:06:53,218 - DEBUG - -> code[replace] old[1:1] new[1:1]
2020-02-04 10:06:53,219 - DEBUG - parse_part from 1 to 1 (to 0 in part parser)
2020-02-04 10:06:53,220 - DEBUG - diff parser end
2020-02-04 10:06:53,619 - DEBUG - pickle loaded: C:\Users\zcc\Anaconda3\lib\importlib\_bootstrap_external.py
2020-02-04 10:06:53,819 - DEBUG - pickle loaded: C:\Users\zcc\Anaconda3\lib\importlib\_bootstrap.py
2020-02-04 10:28:40,082 - DEBUG - diff parser start
2020-02-04 10:28:40,083 - DEBUG - line_lengths old: 1; new: 1
2020-02-04 10:28:40,083 - DEBUG - -> code[replace] old[1:1] new[1:1]
2020-02-04 10:28:40,084 - DEBUG - parse_part from 1 to 1 (to 0 in part parser)
2020-02-04 10:28:40,084 - DEBUG - diff parser end
2020-02-04 10:28:40,162 - DEBUG - pickle loaded: C:\Users\zcc\Anaconda3\lib\site-packages\pandas\io\json\_json.py
2020-02-04 10:28:59,708 - DEBUG - diff parser start
2020-02-04 10:28:59,709 - DEBUG - line_lengths old: 1; new: 1
2020-02-04 10:28:59,710 - DEBUG - -> code[replace] old[1:1] new[1:1]
2020-02-04 10:28:59,713 - DEBUG - parse_part from 1 to 1 (to 0 in part parser)
2020-02-04 10:28:59,714 - DEBUG - diff parser end
2020-02-04 10:29:13,418 - DEBUG - diff parser start
2020-02-04 10:29:13,419 - DEBUG - line_lengths old: 1; new: 1
2020-02-04 10:29:13,420 - DEBUG - -> code[replace] old[1:1] new[1:1]
2020-02-04 10:29:13,422 - DEBUG - parse_part from 1 to 1 (to 0 in part parser)
2020-02-04 10:29:13,423 - DEBUG - diff parser end
2020-02-04 10:31:59,171 - DEBUG - diff parser start
2020-02-04 10:31:59,172 - DEBUG - line_lengths old: 1; new: 2
2020-02-04 10:31:59,173 - DEBUG - -> code[replace] old[1:1] new[1:2]
2020-02-04 10:31:59,178 - DEBUG - parse_part from 1 to 2 (to 1 in part parser)
2020-02-04 10:31:59,180 - DEBUG - diff parser end
